<?xml version="1.0" encoding="UTF-8"?>
<!-- Generated by org.testng.reporters.JUnitReportReporter -->
<<<<<<< Updated upstream
<testsuite hostname="KATEKARS" name="RunnerClass.RunnerClass" tests="1" failures="0" timestamp="21 Jul 2019 17:20:33 GMT" time="1.353" errors="0">
  <testcase name="SC_001" time="1.353" classname="RunnerClass.RunnerClass"/>
=======
<testsuite hostname="KATEKARS" name="RunnerClass.RunnerClass" tests="1" failures="0" timestamp="21 Jul 2019 17:13:25 GMT" time="1.273" errors="0">
  <testcase name="SC_001" time="1.273" classname="RunnerClass.RunnerClass"/>
>>>>>>> Stashed changes
</testsuite> <!-- RunnerClass.RunnerClass -->
