<?xml version="1.0" encoding="UTF-8"?>
<!-- Generated by org.testng.reporters.JUnitReportReporter -->
<testsuite hostname="KATEKARS" name="RunnerClass.RunnerClass" tests="1" failures="0" timestamp="21 Jul 2019 11:44:03 GMT" time="1.307" errors="0">
  <testcase name="SC_001" time="1.307" classname="RunnerClass.RunnerClass"/>
</testsuite> <!-- RunnerClass.RunnerClass -->
